"../../../../../../Users/thedm/Documents/GitHub/Games-Project-1/GameProject1/Content/GameFiles/BluePrints/PlayerSpawn.uasset" 0
"../../../../../../Users/thedm/Documents/GitHub/Games-Project-1/GameProject1/Content/GameFiles/Enemies/EnemyRobotBasic/dead.uasset" 1
"../../../Engine/Content/EditorBlueprintResources/StandardMacros.uasset" 2
"../../../../../../Users/thedm/Documents/GitHub/Games-Project-1/GameProject1/Content/GameFiles/Enemies/EnemyExploder/Run/OrangeRobot_Run.uasset" 3
"../../../../../../Users/thedm/Documents/GitHub/Games-Project-1/GameProject1/Content/GameFiles/Enemies/EnemyExploder/Run/OrangeRobot_Run_Sprite_5.uasset" 4
"../../../../../../Users/thedm/Documents/GitHub/Games-Project-1/GameProject1/Content/GameFiles/Enemies/EnemyExploder/Run/OrangeRobot_Run_Sprite_4.uasset" 5
"../../../../../../Users/thedm/Documents/GitHub/Games-Project-1/GameProject1/Content/GameFiles/Enemies/EnemyExploder/Run/OrangeRobot_Run_Sprite_3.uasset" 6
"../../../../../../Users/thedm/Documents/GitHub/Games-Project-1/GameProject1/Content/GameFiles/Enemies/EnemyExploder/Run/OrangeRobot_Run_Sprite_2.uasset" 7
"../../../../../../Users/thedm/Documents/GitHub/Games-Project-1/GameProject1/Content/GameFiles/Enemies/EnemyExploder/Run/OrangeRobot_Run_Sprite_1.uasset" 8
"../../../../../../Users/thedm/Documents/GitHub/Games-Project-1/GameProject1/Content/GameFiles/Enemies/EnemyExploder/Run/OrangeRobot_Run_Sprite_0.uasset" 9
"../../../../../../Users/thedm/Documents/GitHub/Games-Project-1/GameProject1/Content/GameFiles/Enemies/EnemyExploder/Run/exploderrun.uasset" 10
"../../../../../../Users/thedm/Documents/GitHub/Games-Project-1/GameProject1/Content/GameFiles/Enemies/EnemyExploder/Idle/OrangeRobot_Idle.uasset" 11
"../../../../../../Users/thedm/Documents/GitHub/Games-Project-1/GameProject1/Content/GameFiles/Enemies/EnemyExploder/Idle/OrangeRobot_Idle_Sprite_4.uasset" 12
"../../../../../../Users/thedm/Documents/GitHub/Games-Project-1/GameProject1/Content/GameFiles/Enemies/EnemyExploder/Idle/OrangeRobot_Idle_Sprite_3.uasset" 13
"../../../../../../Users/thedm/Documents/GitHub/Games-Project-1/GameProject1/Content/GameFiles/Enemies/EnemyExploder/Idle/OrangeRobot_Idle_Sprite_2.uasset" 14
"../../../../../../Users/thedm/Documents/GitHub/Games-Project-1/GameProject1/Content/GameFiles/Enemies/EnemyExploder/Idle/OrangeRobot_Idle_Sprite_1.uasset" 15
"../../../../../../Users/thedm/Documents/GitHub/Games-Project-1/GameProject1/Content/GameFiles/Enemies/EnemyExploder/Idle/OrangeRobot_Idle_Sprite_0.uasset" 16
"../../../../../../Users/thedm/Documents/GitHub/Games-Project-1/GameProject1/Content/GameFiles/Enemies/EnemyExploder/Idle/ExploderIdle.uasset" 17
"../../../../../../Users/thedm/Documents/GitHub/Games-Project-1/GameProject1/Content/GameFiles/Enemies/EnemyExploder/BlowUp/OrangeRobot_Death.uasset" 18
"../../../../../../Users/thedm/Documents/GitHub/Games-Project-1/GameProject1/Content/GameFiles/Enemies/EnemyExploder/BlowUp/OrangeRobot_Death_Sprite_0.uasset" 19
"../../../../../../Users/thedm/Documents/GitHub/Games-Project-1/GameProject1/Content/GameFiles/Enemies/EnemyExploder/BlowUp/OrangeRobot_Death_Sprite_3.uasset" 20
"../../../../../../Users/thedm/Documents/GitHub/Games-Project-1/GameProject1/Content/GameFiles/Enemies/EnemyExploder/BlowUp/OrangeRobot_Death_Sprite_2.uasset" 21
"../../../../../../Users/thedm/Documents/GitHub/Games-Project-1/GameProject1/Content/GameFiles/Enemies/EnemyExploder/BlowUp/OrangeRobot_Death_Sprite_1.uasset" 22
"../../../../../../Users/thedm/Documents/GitHub/Games-Project-1/GameProject1/Content/GameFiles/Enemies/EnemyExploder/BlowUp/ExploderDie.uasset" 23
"../../../../../../Users/thedm/Documents/GitHub/Games-Project-1/GameProject1/Content/GameFiles/Enemies/EnemyExploder/Exploder.uasset" 24
"../../../../../../Users/thedm/Documents/GitHub/Games-Project-1/GameProject1/Content/GameFiles/Enemies/Turret/Turret_sheet.uasset" 25
"../../../../../../Users/thedm/Documents/GitHub/Games-Project-1/GameProject1/Content/GameFiles/Enemies/Turret/Turret_Sprite.uasset" 26
"../../../../../../Users/thedm/Documents/GitHub/Games-Project-1/GameProject1/Content/GameFiles/Enemies/Turret/Turret_Flipbook.uasset" 27
"../../../../../../Users/thedm/Documents/GitHub/Games-Project-1/GameProject1/Content/GameFiles/Enemies/Turret/Shoot_001.uasset" 28
"../../../../../../Users/thedm/Documents/GitHub/Games-Project-1/GameProject1/Content/GameFiles/Enemies/Turret/Shoot_001_Cue.uasset" 29
"../../../../../../Users/thedm/Documents/GitHub/Games-Project-1/GameProject1/Content/GameFiles/Sound/Wavs/Releasing_Bow_String_7.uasset" 30
"../../Plugins/2D/Paper2D/Content/PlaceholderTextures/DummySpriteTexture.uasset" 31
"../../Plugins/2D/Paper2D/Content/DefaultSpriteMaterial.uasset" 32
"../../Plugins/2D/Paper2D/Content/TranslucentUnlitSpriteMaterial.uasset" 33
"../../../../../../Users/thedm/Documents/GitHub/Games-Project-1/GameProject1/Content/GameFiles/Enemies/Turret/shot.uasset" 34
"../../../../../../Users/thedm/Documents/GitHub/Games-Project-1/GameProject1/Content/GameFiles/Enemies/Turret/shot_Sprite_0.uasset" 35
"../../../../../../Users/thedm/Documents/GitHub/Games-Project-1/GameProject1/Content/GameFiles/Enemies/Turret/shotFB.uasset" 36
"../../../../../../Users/thedm/Documents/GitHub/Games-Project-1/GameProject1/Content/GameFiles/Enemies/Turret/laser.uasset" 37
"../../../../../../Users/thedm/Documents/GitHub/Games-Project-1/GameProject1/Content/GameFiles/Enemies/Turret/Turret.uasset" 38
"../../../../../../Users/thedm/Documents/GitHub/Games-Project-1/GameProject1/Content/GameFiles/Sound/Wavs/Spear__Thrown__2.uasset" 39
"../../../../../../Users/thedm/Documents/GitHub/Games-Project-1/GameProject1/Content/GameFiles/Sound/Wavs/Shield_Imapacts_another_shield_5.uasset" 40
"../../../../../../Users/thedm/Documents/GitHub/Games-Project-1/GameProject1/Content/GameFiles/Sound/Wavs/Shield_Imapacts_another_shield_3.uasset" 41
"../../../../../../Users/thedm/Documents/GitHub/Games-Project-1/GameProject1/Content/GameFiles/Sound/Wavs/Shield_Bash_1.uasset" 42
"../../../../../../Users/thedm/Documents/GitHub/Games-Project-1/GameProject1/Content/GameFiles/Sound/Wavs/Heavy_Sword_Swing_1.uasset" 43
"../../../../../../Users/thedm/Documents/GitHub/Games-Project-1/GameProject1/Content/GameFiles/Sound/Wavs/Dagger_Swing_9.uasset" 44
"../../../../../../Users/thedm/Documents/GitHub/Games-Project-1/GameProject1/Content/GameFiles/Sound/Wavs/Dagger_Swing_4.uasset" 45
"../../../../../../Users/thedm/Documents/GitHub/Games-Project-1/GameProject1/Content/GameFiles/Sound/SoundFX/FOOTSTEPS__A__Walking_Loop_01.uasset" 46
"../../../../../../Users/thedm/Documents/GitHub/Games-Project-1/GameProject1/Content/GameFiles/Sound/SoundFX/FOOTSTEPS__A__Walking_Loop_01_Cue.uasset" 47
"../../../../../../Users/thedm/Documents/GitHub/Games-Project-1/GameProject1/Content/GameFiles/PlayerFolder/Run/adventurer-run3-05.uasset" 48
"../../../../../../Users/thedm/Documents/GitHub/Games-Project-1/GameProject1/Content/GameFiles/PlayerFolder/Run/sprite/adventurer-run3-05_Sprite.uasset" 49
"../../../../../../Users/thedm/Documents/GitHub/Games-Project-1/GameProject1/Content/GameFiles/PlayerFolder/Run/adventurer-run3-04.uasset" 50
"../../../../../../Users/thedm/Documents/GitHub/Games-Project-1/GameProject1/Content/GameFiles/PlayerFolder/Run/sprite/adventurer-run3-04_Sprite.uasset" 51
"../../../../../../Users/thedm/Documents/GitHub/Games-Project-1/GameProject1/Content/GameFiles/PlayerFolder/Run/adventurer-run3-03.uasset" 52
"../../../../../../Users/thedm/Documents/GitHub/Games-Project-1/GameProject1/Content/GameFiles/PlayerFolder/Run/sprite/adventurer-run3-03_Sprite.uasset" 53
"../../../../../../Users/thedm/Documents/GitHub/Games-Project-1/GameProject1/Content/GameFiles/PlayerFolder/Run/adventurer-run3-02.uasset" 54
"../../../../../../Users/thedm/Documents/GitHub/Games-Project-1/GameProject1/Content/GameFiles/PlayerFolder/Run/sprite/adventurer-run3-02_Sprite.uasset" 55
"../../../../../../Users/thedm/Documents/GitHub/Games-Project-1/GameProject1/Content/GameFiles/PlayerFolder/Run/adventurer-run3-01.uasset" 56
"../../../../../../Users/thedm/Documents/GitHub/Games-Project-1/GameProject1/Content/GameFiles/PlayerFolder/Run/sprite/adventurer-run3-01_Sprite.uasset" 57
"../../../../../../Users/thedm/Documents/GitHub/Games-Project-1/GameProject1/Content/GameFiles/PlayerFolder/Run/adventurer-run3-00.uasset" 58
"../../../../../../Users/thedm/Documents/GitHub/Games-Project-1/GameProject1/Content/GameFiles/PlayerFolder/Run/sprite/adventurer-run3-00_Sprite.uasset" 59
"../../../../../../Users/thedm/Documents/GitHub/Games-Project-1/GameProject1/Content/GameFiles/PlayerFolder/Run/sprite/adventurer-run3.uasset" 60
"../../../../../../Users/thedm/Documents/GitHub/Games-Project-1/GameProject1/Content/GameFiles/PlayerFolder/Roll/adventurer-smrslt-03.uasset" 61
"../../../../../../Users/thedm/Documents/GitHub/Games-Project-1/GameProject1/Content/GameFiles/PlayerFolder/Roll/adventurer-smrslt-03_Sprite.uasset" 62
"../../../../../../Users/thedm/Documents/GitHub/Games-Project-1/GameProject1/Content/GameFiles/PlayerFolder/Roll/adventurer-smrslt-02.uasset" 63
"../../../../../../Users/thedm/Documents/GitHub/Games-Project-1/GameProject1/Content/GameFiles/PlayerFolder/Roll/adventurer-smrslt-02_Sprite.uasset" 64
"../../../../../../Users/thedm/Documents/GitHub/Games-Project-1/GameProject1/Content/GameFiles/PlayerFolder/Roll/adventurer-smrslt-01.uasset" 65
"../../../../../../Users/thedm/Documents/GitHub/Games-Project-1/GameProject1/Content/GameFiles/PlayerFolder/Roll/adventurer-smrslt-01_Sprite.uasset" 66
"../../../../../../Users/thedm/Documents/GitHub/Games-Project-1/GameProject1/Content/GameFiles/PlayerFolder/Roll/adventurer-smrslt-00.uasset" 67
"../../../../../../Users/thedm/Documents/GitHub/Games-Project-1/GameProject1/Content/GameFiles/PlayerFolder/Roll/adventurer-smrslt-00_Sprite.uasset" 68
"../../../../../../Users/thedm/Documents/GitHub/Games-Project-1/GameProject1/Content/GameFiles/PlayerFolder/Roll/Roll.uasset" 69
"../../../../../../Users/thedm/Documents/GitHub/Games-Project-1/GameProject1/Content/GameFiles/PlayerFolder/Idle_stand_sword/adventurer-idle-2-03.uasset" 70
"../../../../../../Users/thedm/Documents/GitHub/Games-Project-1/GameProject1/Content/GameFiles/PlayerFolder/Idle_stand_sword/sprite/adventurer-idle-2-03_Sprite.uasset" 71
"../../../../../../Users/thedm/Documents/GitHub/Games-Project-1/GameProject1/Content/GameFiles/PlayerFolder/Idle_stand_sword/adventurer-idle-2-02.uasset" 72
"../../../../../../Users/thedm/Documents/GitHub/Games-Project-1/GameProject1/Content/GameFiles/PlayerFolder/Idle_stand_sword/sprite/adventurer-idle-2-02_Sprite.uasset" 73
"../../../../../../Users/thedm/Documents/GitHub/Games-Project-1/GameProject1/Content/GameFiles/PlayerFolder/Idle_stand_sword/adventurer-idle-2-01.uasset" 74
"../../../../../../Users/thedm/Documents/GitHub/Games-Project-1/GameProject1/Content/GameFiles/PlayerFolder/Idle_stand_sword/sprite/adventurer-idle-2-01_Sprite.uasset" 75
"../../../../../../Users/thedm/Documents/GitHub/Games-Project-1/GameProject1/Content/GameFiles/PlayerFolder/Idle_stand_sword/adventurer-idle-2-00.uasset" 76
"../../../../../../Users/thedm/Documents/GitHub/Games-Project-1/GameProject1/Content/GameFiles/PlayerFolder/Idle_stand_sword/sprite/adventurer-idle-2-00_Sprite.uasset" 77
"../../../../../../Users/thedm/Documents/GitHub/Games-Project-1/GameProject1/Content/GameFiles/PlayerFolder/Idle_stand_sword/sprite/adventurer-idle-2.uasset" 78
"../../../../../../Users/thedm/Documents/GitHub/Games-Project-1/GameProject1/Content/GameFiles/PlayerFolder/fire_attack/adventurer-cast-03.uasset" 79
"../../../../../../Users/thedm/Documents/GitHub/Games-Project-1/GameProject1/Content/GameFiles/PlayerFolder/fire_attack/adventurer-cast-03_Sprite.uasset" 80
"../../../../../../Users/thedm/Documents/GitHub/Games-Project-1/GameProject1/Content/GameFiles/PlayerFolder/fire_attack/adventurer-cast-02.uasset" 81
"../../../../../../Users/thedm/Documents/GitHub/Games-Project-1/GameProject1/Content/GameFiles/PlayerFolder/fire_attack/adventurer-cast-02_Sprite.uasset" 82
"../../../../../../Users/thedm/Documents/GitHub/Games-Project-1/GameProject1/Content/GameFiles/PlayerFolder/fire_attack/adventurer-cast-01.uasset" 83
"../../../../../../Users/thedm/Documents/GitHub/Games-Project-1/GameProject1/Content/GameFiles/PlayerFolder/fire_attack/adventurer-cast-01_Sprite.uasset" 84
"../../../../../../Users/thedm/Documents/GitHub/Games-Project-1/GameProject1/Content/GameFiles/PlayerFolder/fire_attack/adventurer-cast-00.uasset" 85
"../../../../../../Users/thedm/Documents/GitHub/Games-Project-1/GameProject1/Content/GameFiles/PlayerFolder/fire_attack/adventurer-cast-00_Sprite.uasset" 86
"../../../../../../Users/thedm/Documents/GitHub/Games-Project-1/GameProject1/Content/GameFiles/PlayerFolder/fire_attack/FireAttack.uasset" 87
"../../../../../../Users/thedm/Documents/GitHub/Games-Project-1/GameProject1/Content/GameFiles/PlayerFolder/Die/adventurer-die-06.uasset" 88
"../../../../../../Users/thedm/Documents/GitHub/Games-Project-1/GameProject1/Content/GameFiles/PlayerFolder/Die/sprite/adventurer-die-06_Sprite.uasset" 89
"../../../../../../Users/thedm/Documents/GitHub/Games-Project-1/GameProject1/Content/GameFiles/PlayerFolder/Die/adventurer-die-05.uasset" 90
"../../../../../../Users/thedm/Documents/GitHub/Games-Project-1/GameProject1/Content/GameFiles/PlayerFolder/Die/sprite/adventurer-die-05_Sprite.uasset" 91
"../../../../../../Users/thedm/Documents/GitHub/Games-Project-1/GameProject1/Content/GameFiles/PlayerFolder/Die/adventurer-die-04.uasset" 92
"../../../../../../Users/thedm/Documents/GitHub/Games-Project-1/GameProject1/Content/GameFiles/PlayerFolder/Die/sprite/adventurer-die-04_Sprite.uasset" 93
"../../../../../../Users/thedm/Documents/GitHub/Games-Project-1/GameProject1/Content/GameFiles/PlayerFolder/Die/adventurer-die-03.uasset" 94
"../../../../../../Users/thedm/Documents/GitHub/Games-Project-1/GameProject1/Content/GameFiles/PlayerFolder/Die/sprite/adventurer-die-03_Sprite.uasset" 95
"../../../../../../Users/thedm/Documents/GitHub/Games-Project-1/GameProject1/Content/GameFiles/PlayerFolder/Die/adventurer-die-02.uasset" 96
"../../../../../../Users/thedm/Documents/GitHub/Games-Project-1/GameProject1/Content/GameFiles/PlayerFolder/Die/sprite/adventurer-die-02_Sprite.uasset" 97
"../../../../../../Users/thedm/Documents/GitHub/Games-Project-1/GameProject1/Content/GameFiles/PlayerFolder/Die/adventurer-die-01.uasset" 98
"../../../../../../Users/thedm/Documents/GitHub/Games-Project-1/GameProject1/Content/GameFiles/PlayerFolder/Die/sprite/adventurer-die-01_Sprite.uasset" 99
"../../../../../../Users/thedm/Documents/GitHub/Games-Project-1/GameProject1/Content/GameFiles/PlayerFolder/Die/adventurer-die-00.uasset" 100
"../../../../../../Users/thedm/Documents/GitHub/Games-Project-1/GameProject1/Content/GameFiles/PlayerFolder/Die/sprite/adventurer-die-00_Sprite.uasset" 101
"../../../../../../Users/thedm/Documents/GitHub/Games-Project-1/GameProject1/Content/GameFiles/PlayerFolder/Die/sprite/adventurer-die.uasset" 102
"../../../../../../Users/thedm/Documents/GitHub/Games-Project-1/GameProject1/Content/GameFiles/PlayerFolder/Attack_003/adventurer-attack3-05.uasset" 103
"../../../../../../Users/thedm/Documents/GitHub/Games-Project-1/GameProject1/Content/GameFiles/PlayerFolder/Attack_003/sprite/adventurer-attack3-05_Sprite.uasset" 104
"../../../../../../Users/thedm/Documents/GitHub/Games-Project-1/GameProject1/Content/GameFiles/PlayerFolder/Attack_003/adventurer-attack3-04.uasset" 105
"../../../../../../Users/thedm/Documents/GitHub/Games-Project-1/GameProject1/Content/GameFiles/PlayerFolder/Attack_003/sprite/adventurer-attack3-04_Sprite.uasset" 106
"../../../../../../Users/thedm/Documents/GitHub/Games-Project-1/GameProject1/Content/GameFiles/PlayerFolder/Attack_003/adventurer-attack3-03.uasset" 107
"../../../../../../Users/thedm/Documents/GitHub/Games-Project-1/GameProject1/Content/GameFiles/PlayerFolder/Attack_003/sprite/adventurer-attack3-03_Sprite.uasset" 108
"../../../../../../Users/thedm/Documents/GitHub/Games-Project-1/GameProject1/Content/GameFiles/PlayerFolder/Attack_003/adventurer-attack3-02.uasset" 109
"../../../../../../Users/thedm/Documents/GitHub/Games-Project-1/GameProject1/Content/GameFiles/PlayerFolder/Attack_003/sprite/adventurer-attack3-02_Sprite.uasset" 110
"../../../../../../Users/thedm/Documents/GitHub/Games-Project-1/GameProject1/Content/GameFiles/PlayerFolder/Attack_003/adventurer-attack3-01.uasset" 111
"../../../../../../Users/thedm/Documents/GitHub/Games-Project-1/GameProject1/Content/GameFiles/PlayerFolder/Attack_003/sprite/adventurer-attack3-01_Sprite.uasset" 112
"../../../../../../Users/thedm/Documents/GitHub/Games-Project-1/GameProject1/Content/GameFiles/PlayerFolder/Attack_003/adventurer-attack3-00.uasset" 113
"../../../../../../Users/thedm/Documents/GitHub/Games-Project-1/GameProject1/Content/GameFiles/PlayerFolder/Attack_003/sprite/adventurer-attack3-00_Sprite.uasset" 114
"../../../../../../Users/thedm/Documents/GitHub/Games-Project-1/GameProject1/Content/GameFiles/PlayerFolder/Attack_003/sprite/adventurer-attack3.uasset" 115
"../../../../../../Users/thedm/Documents/GitHub/Games-Project-1/GameProject1/Content/GameFiles/PlayerFolder/Attack_002/adventurer-attack2-05.uasset" 116
"../../../../../../Users/thedm/Documents/GitHub/Games-Project-1/GameProject1/Content/GameFiles/PlayerFolder/Attack_002/sprite/adventurer-attack2-05_Sprite.uasset" 117
"../../../../../../Users/thedm/Documents/GitHub/Games-Project-1/GameProject1/Content/GameFiles/PlayerFolder/Attack_002/adventurer-attack2-04.uasset" 118
"../../../../../../Users/thedm/Documents/GitHub/Games-Project-1/GameProject1/Content/GameFiles/PlayerFolder/Attack_002/sprite/adventurer-attack2-04_Sprite.uasset" 119
"../../../../../../Users/thedm/Documents/GitHub/Games-Project-1/GameProject1/Content/GameFiles/PlayerFolder/Attack_002/adventurer-attack2-03.uasset" 120
"../../../../../../Users/thedm/Documents/GitHub/Games-Project-1/GameProject1/Content/GameFiles/PlayerFolder/Attack_002/sprite/adventurer-attack2-03_Sprite.uasset" 121
"../../../../../../Users/thedm/Documents/GitHub/Games-Project-1/GameProject1/Content/GameFiles/PlayerFolder/Attack_002/adventurer-attack2-02.uasset" 122
"../../../../../../Users/thedm/Documents/GitHub/Games-Project-1/GameProject1/Content/GameFiles/PlayerFolder/Attack_002/sprite/adventurer-attack2-02_Sprite.uasset" 123
"../../../../../../Users/thedm/Documents/GitHub/Games-Project-1/GameProject1/Content/GameFiles/PlayerFolder/Attack_002/adventurer-attack2-01.uasset" 124
"../../../../../../Users/thedm/Documents/GitHub/Games-Project-1/GameProject1/Content/GameFiles/PlayerFolder/Attack_002/sprite/adventurer-attack2-01_Sprite.uasset" 125
"../../../../../../Users/thedm/Documents/GitHub/Games-Project-1/GameProject1/Content/GameFiles/PlayerFolder/Attack_002/adventurer-attack2-00.uasset" 126
"../../../../../../Users/thedm/Documents/GitHub/Games-Project-1/GameProject1/Content/GameFiles/PlayerFolder/Attack_002/sprite/adventurer-attack2-00_Sprite.uasset" 127
"../../../../../../Users/thedm/Documents/GitHub/Games-Project-1/GameProject1/Content/GameFiles/PlayerFolder/Attack_002/sprite/adventurer-attack2.uasset" 128
"../../../../../../Users/thedm/Documents/GitHub/Games-Project-1/GameProject1/Content/GameFiles/PlayerFolder/Attack_001/adventurer-attack1-04.uasset" 129
"../../../../../../Users/thedm/Documents/GitHub/Games-Project-1/GameProject1/Content/GameFiles/PlayerFolder/Attack_001/sprite/adventurer-attack1-04_Sprite.uasset" 130
"../../../../../../Users/thedm/Documents/GitHub/Games-Project-1/GameProject1/Content/GameFiles/PlayerFolder/Attack_001/adventurer-attack1-03.uasset" 131
"../../../../../../Users/thedm/Documents/GitHub/Games-Project-1/GameProject1/Content/GameFiles/PlayerFolder/Attack_001/sprite/adventurer-attack1-03_Sprite.uasset" 132
"../../../../../../Users/thedm/Documents/GitHub/Games-Project-1/GameProject1/Content/GameFiles/PlayerFolder/Attack_001/adventurer-attack1-02.uasset" 133
"../../../../../../Users/thedm/Documents/GitHub/Games-Project-1/GameProject1/Content/GameFiles/PlayerFolder/Attack_001/sprite/adventurer-attack1-02_Sprite.uasset" 134
"../../../../../../Users/thedm/Documents/GitHub/Games-Project-1/GameProject1/Content/GameFiles/PlayerFolder/Attack_001/adventurer-attack1-01.uasset" 135
"../../../../../../Users/thedm/Documents/GitHub/Games-Project-1/GameProject1/Content/GameFiles/PlayerFolder/Attack_001/sprite/adventurer-attack1-01_Sprite.uasset" 136
"../../../../../../Users/thedm/Documents/GitHub/Games-Project-1/GameProject1/Content/GameFiles/PlayerFolder/Attack_001/adventurer-attack1-00.uasset" 137
"../../../../../../Users/thedm/Documents/GitHub/Games-Project-1/GameProject1/Content/GameFiles/PlayerFolder/Attack_001/sprite/adventurer-attack1-00_Sprite.uasset" 138
"../../../../../../Users/thedm/Documents/GitHub/Games-Project-1/GameProject1/Content/GameFiles/PlayerFolder/Attack_001/sprite/adventurer-attack1.uasset" 139
"../../../../../../Users/thedm/Documents/GitHub/Games-Project-1/GameProject1/Content/GameFiles/Sound/SoundFX/EXPLOSION_Bang_04.uasset" 140
"../../../../../../Users/thedm/Documents/GitHub/Games-Project-1/GameProject1/Content/GameFiles/Sound/SoundFX/EXPLOSION_Bang_04_Cue.uasset" 141
"../../../../../../Users/thedm/Documents/GitHub/Games-Project-1/GameProject1/Content/GameFiles/PlayerFolder/FireBall/ShootLoop/ShotLoop-Sheet.uasset" 142
"../../../../../../Users/thedm/Documents/GitHub/Games-Project-1/GameProject1/Content/GameFiles/PlayerFolder/FireBall/ShootLoop/ShotLoop-Sheet_Sprite_3.uasset" 143
"../../../../../../Users/thedm/Documents/GitHub/Games-Project-1/GameProject1/Content/GameFiles/PlayerFolder/FireBall/ShootLoop/ShotLoop-Sheet_Sprite_2.uasset" 144
"../../../../../../Users/thedm/Documents/GitHub/Games-Project-1/GameProject1/Content/GameFiles/PlayerFolder/FireBall/ShootLoop/ShotLoop-Sheet_Sprite_1.uasset" 145
"../../../../../../Users/thedm/Documents/GitHub/Games-Project-1/GameProject1/Content/GameFiles/PlayerFolder/FireBall/ShootLoop/ShotLoop-Sheet_Sprite_0.uasset" 146
"../../../../../../Users/thedm/Documents/GitHub/Games-Project-1/GameProject1/Content/GameFiles/PlayerFolder/FireBall/ShootLoop/ShotLoop-Sheet1.uasset" 147
"../../../../../../Users/thedm/Documents/GitHub/Games-Project-1/GameProject1/Content/GameFiles/PlayerFolder/FireBall/Fireball_Animation.uasset" 148
"../../../../../../Users/thedm/Documents/GitHub/Games-Project-1/GameProject1/Content/GameFiles/PlayerFolder/FireBall/Explode/Explode-Sheet.uasset" 149
"../../../../../../Users/thedm/Documents/GitHub/Games-Project-1/GameProject1/Content/GameFiles/PlayerFolder/FireBall/Explode/Explode-Sheet_Sprite_6.uasset" 150
"../../../../../../Users/thedm/Documents/GitHub/Games-Project-1/GameProject1/Content/GameFiles/PlayerFolder/FireBall/Explode/Explode-Sheet_Sprite_5.uasset" 151
"../../../../../../Users/thedm/Documents/GitHub/Games-Project-1/GameProject1/Content/GameFiles/PlayerFolder/FireBall/Explode/Explode-Sheet_Sprite_4.uasset" 152
"../../../../../../Users/thedm/Documents/GitHub/Games-Project-1/GameProject1/Content/GameFiles/PlayerFolder/FireBall/Explode/Explode-Sheet_Sprite_3.uasset" 153
"../../../../../../Users/thedm/Documents/GitHub/Games-Project-1/GameProject1/Content/GameFiles/PlayerFolder/FireBall/Explode/Explode-Sheet_Sprite_2.uasset" 154
"../../../../../../Users/thedm/Documents/GitHub/Games-Project-1/GameProject1/Content/GameFiles/PlayerFolder/FireBall/Explode/Explode-Sheet_Sprite_1.uasset" 155
"../../../../../../Users/thedm/Documents/GitHub/Games-Project-1/GameProject1/Content/GameFiles/PlayerFolder/FireBall/Explode/Explode-Sheet_Sprite_0.uasset" 156
"../../../../../../Users/thedm/Documents/GitHub/Games-Project-1/GameProject1/Content/GameFiles/PlayerFolder/FireBall/Explode/Explode-Sheet1.uasset" 157
"../../../../../../Users/thedm/Documents/GitHub/Games-Project-1/GameProject1/Content/GameFiles/PlayerFolder/FireBall/Fireball.uasset" 158
"../../../../../../Users/thedm/Documents/GitHub/Games-Project-1/GameProject1/Content/GameFiles/Sound/Wavs/Dagger_Swing_2.uasset" 159
"../../../../../../Users/thedm/Documents/GitHub/Games-Project-1/GameProject1/Content/GameFiles/PlayerFolder/Animation_En.uasset" 160
"../../../../../../Users/thedm/Documents/GitHub/Games-Project-1/GameProject1/Content/GameFiles/Sound/Wavs/Releasing_Bow_String_3.uasset" 161
"../../../../../../Users/thedm/Documents/GitHub/Games-Project-1/GameProject1/Content/GameFiles/Sound/Wavs/Light_Sword_Swing_12.uasset" 162
"../../../../../../Users/thedm/Documents/GitHub/Games-Project-1/GameProject1/Content/GameFiles/HUD/W_die.uasset" 163
"../../../../../../Users/thedm/Documents/GitHub/Games-Project-1/GameProject1/Content/GameFiles/HUD/Pause.uasset" 164
"../../../../../../Users/thedm/Documents/GitHub/Games-Project-1/GameProject1/Content/GameFiles/HUD/HP_and_SP.uasset" 165
"../../../../../../Users/thedm/Documents/GitHub/Games-Project-1/GameProject1/Content/GameFiles/PlayerFolder/PlayableCharacter2.uasset" 166
"../../../../../../Users/thedm/Documents/GitHub/Games-Project-1/GameProject1/Content/GameFiles/Enemies/EnemyRobotBasic/Move/OrangeRobot_Run.uasset" 167
"../../../../../../Users/thedm/Documents/GitHub/Games-Project-1/GameProject1/Content/GameFiles/Enemies/EnemyRobotBasic/Move/OrangeRobot_Run_Sprite_5.uasset" 168
"../../../../../../Users/thedm/Documents/GitHub/Games-Project-1/GameProject1/Content/GameFiles/Enemies/EnemyRobotBasic/Move/OrangeRobot_Run_Sprite_4.uasset" 169
"../../../../../../Users/thedm/Documents/GitHub/Games-Project-1/GameProject1/Content/GameFiles/Enemies/EnemyRobotBasic/Move/OrangeRobot_Run_Sprite_3.uasset" 170
"../../../../../../Users/thedm/Documents/GitHub/Games-Project-1/GameProject1/Content/GameFiles/Enemies/EnemyRobotBasic/Move/OrangeRobot_Run_Sprite_2.uasset" 171
"../../../../../../Users/thedm/Documents/GitHub/Games-Project-1/GameProject1/Content/GameFiles/Enemies/EnemyRobotBasic/Move/OrangeRobot_Run_Sprite_1.uasset" 172
"../../../../../../Users/thedm/Documents/GitHub/Games-Project-1/GameProject1/Content/GameFiles/Enemies/EnemyRobotBasic/Move/OrangeRobot_Run_Sprite_0.uasset" 173
"../../../../../../Users/thedm/Documents/GitHub/Games-Project-1/GameProject1/Content/GameFiles/Enemies/EnemyRobotBasic/Move/Robot1Run.uasset" 174
"../../../../../../Users/thedm/Documents/GitHub/Games-Project-1/GameProject1/Content/GameFiles/Enemies/EnemyRobotBasic/idle/OrangeRobot_Idle.uasset" 175
"../../../../../../Users/thedm/Documents/GitHub/Games-Project-1/GameProject1/Content/GameFiles/Enemies/EnemyRobotBasic/idle/OrangeRobot_Idle_Sprite_4.uasset" 176
"../../../../../../Users/thedm/Documents/GitHub/Games-Project-1/GameProject1/Content/GameFiles/Enemies/EnemyRobotBasic/idle/OrangeRobot_Idle_Sprite_3.uasset" 177
"../../../../../../Users/thedm/Documents/GitHub/Games-Project-1/GameProject1/Content/GameFiles/Enemies/EnemyRobotBasic/idle/OrangeRobot_Idle_Sprite_2.uasset" 178
"../../../../../../Users/thedm/Documents/GitHub/Games-Project-1/GameProject1/Content/GameFiles/Enemies/EnemyRobotBasic/idle/OrangeRobot_Idle_Sprite_1.uasset" 179
"../../../../../../Users/thedm/Documents/GitHub/Games-Project-1/GameProject1/Content/GameFiles/Enemies/EnemyRobotBasic/idle/OrangeRobot_Idle_Sprite_0.uasset" 180
"../../../../../../Users/thedm/Documents/GitHub/Games-Project-1/GameProject1/Content/GameFiles/Enemies/EnemyRobotBasic/idle/Robot1Idle.uasset" 181
"../../../../../../Users/thedm/Documents/GitHub/Games-Project-1/GameProject1/Content/GameFiles/Enemies/EnemyRobotBasic/die/OrangeRobot_Death.uasset" 182
"../../../../../../Users/thedm/Documents/GitHub/Games-Project-1/GameProject1/Content/GameFiles/Enemies/EnemyRobotBasic/die/OrangeRobot_Death_Sprite_3.uasset" 183
"../../../../../../Users/thedm/Documents/GitHub/Games-Project-1/GameProject1/Content/GameFiles/Enemies/EnemyRobotBasic/die/OrangeRobot_Death_Sprite_2.uasset" 184
"../../../../../../Users/thedm/Documents/GitHub/Games-Project-1/GameProject1/Content/GameFiles/Enemies/EnemyRobotBasic/die/OrangeRobot_Death_Sprite_1.uasset" 185
"../../../../../../Users/thedm/Documents/GitHub/Games-Project-1/GameProject1/Content/GameFiles/Enemies/EnemyRobotBasic/die/OrangeRobot_Death_Sprite_0.uasset" 186
"../../../../../../Users/thedm/Documents/GitHub/Games-Project-1/GameProject1/Content/GameFiles/Enemies/EnemyRobotBasic/die/Robot1Reform.uasset" 187
"../../../../../../Users/thedm/Documents/GitHub/Games-Project-1/GameProject1/Content/GameFiles/Enemies/EnemyRobotBasic/die/Robot1Die.uasset" 188
"../../../../../../Users/thedm/Documents/GitHub/Games-Project-1/GameProject1/Content/GameFiles/Enemies/EnemyRobotBasic/Arrack/OrangeRobot_Attack1.uasset" 189
"../../../../../../Users/thedm/Documents/GitHub/Games-Project-1/GameProject1/Content/GameFiles/Enemies/EnemyRobotBasic/Arrack/OrangeRobot_Attack1_Sprite_3.uasset" 190
"../../../../../../Users/thedm/Documents/GitHub/Games-Project-1/GameProject1/Content/GameFiles/Enemies/EnemyRobotBasic/Arrack/OrangeRobot_Attack1_Sprite_2.uasset" 191
"../../../../../../Users/thedm/Documents/GitHub/Games-Project-1/GameProject1/Content/GameFiles/Enemies/EnemyRobotBasic/Arrack/OrangeRobot_Attack1_Sprite_0.uasset" 192
"../../../../../../Users/thedm/Documents/GitHub/Games-Project-1/GameProject1/Content/GameFiles/Enemies/EnemyRobotBasic/Arrack/OrangeRobot_Attack1_Sprite_1.uasset" 193
"../../../../../../Users/thedm/Documents/GitHub/Games-Project-1/GameProject1/Content/GameFiles/Enemies/EnemyRobotBasic/Arrack/robot1Attack.uasset" 194
"../../../../../../Users/thedm/Documents/GitHub/Games-Project-1/GameProject1/Content/GameFiles/Enemies/EnemyRobotBasic/BasicRobot.uasset" 195
"../../../../../../Users/thedm/Documents/GitHub/Games-Project-1/GameProject1/Content/GameFiles/Enemies/Bandit.uasset" 196
"../../../../../../Users/thedm/Documents/GitHub/Games-Project-1/GameProject1/Content/GameFiles/Enemies/Exploder.uasset" 197
"../../../../../../Users/thedm/Documents/GitHub/Games-Project-1/GameProject1/Content/GameFiles/Enemies/Turret.uasset" 198
"../../../../../../Users/thedm/Documents/GitHub/Games-Project-1/GameProject1/Content/GameFiles/Enemies/FireBall/fire.uasset" 199
"../../../../../../Users/thedm/Documents/GitHub/Games-Project-1/GameProject1/Content/GameFiles/Enemies/FireBall/fire_Sprite_4.uasset" 200
"../../../../../../Users/thedm/Documents/GitHub/Games-Project-1/GameProject1/Content/GameFiles/Enemies/FireBall/fire_Sprite_3.uasset" 201
"../../../../../../Users/thedm/Documents/GitHub/Games-Project-1/GameProject1/Content/GameFiles/Enemies/FireBall/fire_Sprite_2.uasset" 202
"../../../../../../Users/thedm/Documents/GitHub/Games-Project-1/GameProject1/Content/GameFiles/Enemies/FireBall/fire_Sprite_1.uasset" 203
"../../../../../../Users/thedm/Documents/GitHub/Games-Project-1/GameProject1/Content/GameFiles/Enemies/FireBall/fire_Sprite_0.uasset" 204
"../../../../../../Users/thedm/Documents/GitHub/Games-Project-1/GameProject1/Content/GameFiles/Enemies/FireBall/fireBallFB.uasset" 205
"../../../../../../Users/thedm/Documents/GitHub/Games-Project-1/GameProject1/Content/GameFiles/Enemies/FireBall/FireB.uasset" 206
"../../../../../../Users/thedm/Documents/GitHub/Games-Project-1/GameProject1/Content/GameFiles/Enemies/FireBall/FireB_Child_X.uasset" 207
"../../../../../../Users/thedm/Documents/GitHub/Games-Project-1/GameProject1/Content/GameFiles/Enemies/FireBall/FireB_Child_XE.uasset" 208
"../../../../../../Users/thedm/Documents/GitHub/Games-Project-1/GameProject1/Content/GameFiles/Enemies/FireBall/FireB_Child_Y.uasset" 209
"../../../../../../Users/thedm/Documents/GitHub/Games-Project-1/GameProject1/Content/GameFiles/Enemies/FireBall/FireB_Child_YE.uasset" 210
"../../../../../../Users/thedm/Documents/GitHub/Games-Project-1/GameProject1/Content/GameFiles/Enemies/Turret/Turret_X.uasset" 211
"../../../../../../Users/thedm/Documents/GitHub/Games-Project-1/GameProject1/Content/GameFiles/Enemies/Turret/Turret_XE.uasset" 212
"../../../../../../Users/thedm/Documents/GitHub/Games-Project-1/GameProject1/Content/GameFiles/Enemies/Turret/Turret_Y.uasset" 213
"../../../../../../Users/thedm/Documents/GitHub/Games-Project-1/GameProject1/Content/GameFiles/Enemies/Turret/Turret_YE.uasset" 214
"../../../../../../Users/thedm/Documents/GitHub/Games-Project-1/GameProject1/Content/GameFiles/Items/potions_flat.uasset" 215
"../../../../../../Users/thedm/Documents/GitHub/Games-Project-1/GameProject1/Content/GameFiles/Items/potions_flat_Sprite_0.uasset" 216
"../../../../../../Users/thedm/Documents/GitHub/Games-Project-1/GameProject1/Content/GameFiles/Items/potions_flat_Sprite_1.uasset" 217
"../../../../../../Users/thedm/Documents/GitHub/Games-Project-1/GameProject1/Content/GameFiles/Items/potions_flat_Sprite_10.uasset" 218
"../../../../../../Users/thedm/Documents/GitHub/Games-Project-1/GameProject1/Content/GameFiles/Items/potions_flat_Sprite_11.uasset" 219
"../../../../../../Users/thedm/Documents/GitHub/Games-Project-1/GameProject1/Content/GameFiles/Items/potions_flat_Sprite_12.uasset" 220
"../../../../../../Users/thedm/Documents/GitHub/Games-Project-1/GameProject1/Content/GameFiles/Items/potions_flat_Sprite_13.uasset" 221
"../../../../../../Users/thedm/Documents/GitHub/Games-Project-1/GameProject1/Content/GameFiles/Items/potions_flat_Sprite_14.uasset" 222
"../../../../../../Users/thedm/Documents/GitHub/Games-Project-1/GameProject1/Content/GameFiles/Items/potions_flat_Sprite_15.uasset" 223
"../../../../../../Users/thedm/Documents/GitHub/Games-Project-1/GameProject1/Content/GameFiles/Items/potions_flat_Sprite_16.uasset" 224
"../../../../../../Users/thedm/Documents/GitHub/Games-Project-1/GameProject1/Content/GameFiles/Items/potions_flat_Sprite_2.uasset" 225
"../../../../../../Users/thedm/Documents/GitHub/Games-Project-1/GameProject1/Content/GameFiles/Items/potions_flat_Sprite_8.uasset" 226
"../../../../../../Users/thedm/Documents/GitHub/Games-Project-1/GameProject1/Content/GameFiles/Items/potions_flat_Sprite_9.uasset" 227
"../../../../../../Users/thedm/Documents/GitHub/Games-Project-1/GameProject1/Content/GameFiles/Levels-Maps-Materials/office.uasset" 228
"../../../../../../Users/thedm/Documents/GitHub/Games-Project-1/GameProject1/Content/GameFiles/Levels-Maps-Materials/office_TileSet.uasset" 229
"../../../../../../Users/thedm/Documents/GitHub/Games-Project-1/GameProject1/Content/GameFiles/Levels-Maps-Materials/Demo.uasset" 230
"../../../../../../Users/thedm/Documents/GitHub/Games-Project-1/GameProject1/Content/GameFiles/Levels-Maps-Materials/Demo_TileSet.uasset" 231
"../../../../../../Users/thedm/Documents/GitHub/Games-Project-1/GameProject1/Content/GameFiles/Levels-Maps-Materials/Maps/DemoLevelMap.uasset" 232
"../../../../../../Users/thedm/Documents/GitHub/Games-Project-1/GameProject1/Content/GameFiles/Levels-Maps-Materials/DemoLevelMap.uasset" 233
"../../../../../../Users/thedm/Documents/GitHub/Games-Project-1/GameProject1/Content/GameFiles/Levels-Maps-Materials/Maps/level1Map.uasset" 234
"../../../../../../Users/thedm/Documents/GitHub/Games-Project-1/GameProject1/Content/GameFiles/Levels-Maps-Materials/level1Map.uasset" 235
"../../../../../../Users/thedm/Documents/GitHub/Games-Project-1/GameProject1/Content/GameFiles/Levels-Maps-Materials/Maps/Level2Map.uasset" 236
"../../../../../../Users/thedm/Documents/GitHub/Games-Project-1/GameProject1/Content/GameFiles/Levels-Maps-Materials/Level2Map.uasset" 237
"../../../../../../Users/thedm/Documents/GitHub/Games-Project-1/GameProject1/Content/GameFiles/Levels-Maps-Materials/Maps/Level3Map.uasset" 238
"../../../../../../Users/thedm/Documents/GitHub/Games-Project-1/GameProject1/Content/GameFiles/Levels-Maps-Materials/Level3Map.uasset" 239
"../../../../../../Users/thedm/Documents/GitHub/Games-Project-1/GameProject1/Content/GameFiles/Levels-Maps-Materials/Maps/Level4map.uasset" 240
"../../../../../../Users/thedm/Documents/GitHub/Games-Project-1/GameProject1/Content/GameFiles/Levels-Maps-Materials/Level4map.uasset" 241
"../../../../../../Users/thedm/Documents/GitHub/Games-Project-1/GameProject1/Content/GameFiles/Levels-Maps-Materials/Maps/Level5Map.uasset" 242
"../../../../../../Users/thedm/Documents/GitHub/Games-Project-1/GameProject1/Content/GameFiles/Levels-Maps-Materials/Level5Map.uasset" 243
"../../../../../../Users/thedm/Documents/GitHub/Games-Project-1/GameProject1/Content/GameFiles/PlayerFolder/Cat-items/Meow-Knight_Idle.uasset" 244
"../../../../../../Users/thedm/Documents/GitHub/Games-Project-1/GameProject1/Content/GameFiles/PlayerFolder/Cat-items/Meow-Knight_Idle_Sprite_7.uasset" 245
"../../../../../../Users/thedm/Documents/GitHub/Games-Project-1/GameProject1/Content/GameFiles/PlayerFolder/Cat-items/Meow-Knight_Idle_Sprite_4.uasset" 246
"../../../../../../Users/thedm/Documents/GitHub/Games-Project-1/GameProject1/Content/GameFiles/PlayerFolder/Cat-items/Meow-Knight_Idle_Sprite_3.uasset" 247
"../../../../../../Users/thedm/Documents/GitHub/Games-Project-1/GameProject1/Content/GameFiles/PlayerFolder/Cat-items/Meow-Knight_Idle_Sprite_2.uasset" 248
"../../../../../../Users/thedm/Documents/GitHub/Games-Project-1/GameProject1/Content/GameFiles/PlayerFolder/Cat-items/Meow-Knight_Idle_Sprite_1.uasset" 249
"../../../../../../Users/thedm/Documents/GitHub/Games-Project-1/GameProject1/Content/GameFiles/PlayerFolder/Cat-items/Cat.uasset" 250
"../../../../../../Users/thedm/Documents/GitHub/Games-Project-1/GameProject1/Content/GameFiles/HUD/endImage.uasset" 251
"../../../../../../Users/thedm/Documents/GitHub/Games-Project-1/GameProject1/Content/GameFiles/HUD/End.uasset" 252
"../../../../../../Users/thedm/Documents/GitHub/Games-Project-1/GameProject1/Content/GameFiles/PlayerFolder/Cat-items/Catcharacter.uasset" 253
"../../../../../../Users/thedm/Documents/GitHub/Games-Project-1/GameProject1/Content/GameFiles/Levels-Maps-Materials/Levels/Catcharacter.uasset" 254
"../../../../../../Users/thedm/Documents/GitHub/Games-Project-1/GameProject1/Content/GameFiles/Levels-Maps-Materials/lock_keysystem/key/key.uasset" 255
"../../../../../../Users/thedm/Documents/GitHub/Games-Project-1/GameProject1/Content/GameFiles/Levels-Maps-Materials/lock_keysystem/key/key_Sprite.uasset" 256
"../../../../../../Users/thedm/Documents/GitHub/Games-Project-1/GameProject1/Content/GameFiles/Levels-Maps-Materials/lock_keysystem/key/keys.uasset" 257
"../../../../../../Users/thedm/Documents/GitHub/Games-Project-1/GameProject1/Content/GameFiles/PlayerFolder/Cat-items/Meow-Knight_Idle_Sprite_5.uasset" 258
"../../../../../../Users/thedm/Documents/GitHub/Games-Project-1/GameProject1/Content/GameFiles/PlayerFolder/FireBall/creation/Creation-Sheet.uasset" 259
"../../../../../../Users/thedm/Documents/GitHub/Games-Project-1/GameProject1/Content/GameFiles/PlayerFolder/FireBall/creation/Creation-Sheet_Sprite_9.uasset" 260
"../../../../../../Users/thedm/Documents/GitHub/Games-Project-1/GameProject1/Content/GameFiles/PlayerFolder/FireBall/creation/Creation-Sheet_Sprite_8.uasset" 261
"../../../../../../Users/thedm/Documents/GitHub/Games-Project-1/GameProject1/Content/GameFiles/PlayerFolder/FireBall/creation/Creation-Sheet_Sprite_7.uasset" 262
"../../../../../../Users/thedm/Documents/GitHub/Games-Project-1/GameProject1/Content/GameFiles/PlayerFolder/FireBall/creation/Creation-Sheet_Sprite_6.uasset" 263
"../../../../../../Users/thedm/Documents/GitHub/Games-Project-1/GameProject1/Content/GameFiles/PlayerFolder/FireBall/creation/Creation-Sheet_Sprite_5.uasset" 264
"../../../../../../Users/thedm/Documents/GitHub/Games-Project-1/GameProject1/Content/GameFiles/PlayerFolder/FireBall/creation/Creation-Sheet_Sprite_4.uasset" 265
"../../../../../../Users/thedm/Documents/GitHub/Games-Project-1/GameProject1/Content/GameFiles/PlayerFolder/FireBall/creation/Creation-Sheet_Sprite_3.uasset" 266
"../../../../../../Users/thedm/Documents/GitHub/Games-Project-1/GameProject1/Content/GameFiles/PlayerFolder/FireBall/creation/Creation-Sheet_Sprite_2.uasset" 267
"../../../../../../Users/thedm/Documents/GitHub/Games-Project-1/GameProject1/Content/GameFiles/PlayerFolder/FireBall/creation/Creation-Sheet_Sprite_13.uasset" 268
"../../../../../../Users/thedm/Documents/GitHub/Games-Project-1/GameProject1/Content/GameFiles/PlayerFolder/FireBall/creation/Creation-Sheet_Sprite_12.uasset" 269
"../../../../../../Users/thedm/Documents/GitHub/Games-Project-1/GameProject1/Content/GameFiles/PlayerFolder/FireBall/creation/Creation-Sheet_Sprite_11.uasset" 270
"../../../../../../Users/thedm/Documents/GitHub/Games-Project-1/GameProject1/Content/GameFiles/PlayerFolder/FireBall/creation/Creation-Sheet_Sprite_10.uasset" 271
"../../../../../../Users/thedm/Documents/GitHub/Games-Project-1/GameProject1/Content/GameFiles/PlayerFolder/FireBall/creation/Creation-Sheet_Sprite_1.uasset" 272
"../../../../../../Users/thedm/Documents/GitHub/Games-Project-1/GameProject1/Content/GameFiles/PlayerFolder/FireBall/creation/Creation-Sheet_Sprite_0.uasset" 273
"../../../../../../Users/thedm/Documents/GitHub/Games-Project-1/GameProject1/Content/GameFiles/PlayerFolder/FireBall/creation/Creation-Sheet1.uasset" 274
"../../../../../../Users/thedm/Documents/GitHub/Games-Project-1/GameProject1/Content/GameFiles/PlayerFolder/FireBall/Idle/IdleLoop-Sheet.uasset" 275
"../../../../../../Users/thedm/Documents/GitHub/Games-Project-1/GameProject1/Content/GameFiles/PlayerFolder/FireBall/Idle/IdleLoop-Sheet_Sprite_3.uasset" 276
"../../../../../../Users/thedm/Documents/GitHub/Games-Project-1/GameProject1/Content/GameFiles/PlayerFolder/FireBall/Idle/IdleLoop-Sheet_Sprite_2.uasset" 277
"../../../../../../Users/thedm/Documents/GitHub/Games-Project-1/GameProject1/Content/GameFiles/PlayerFolder/FireBall/Idle/IdleLoop-Sheet_Sprite_1.uasset" 278
"../../../../../../Users/thedm/Documents/GitHub/Games-Project-1/GameProject1/Content/GameFiles/PlayerFolder/FireBall/Idle/IdleLoop-Sheet_Sprite_0.uasset" 279
"../../../../../../Users/thedm/Documents/GitHub/Games-Project-1/GameProject1/Content/GameFiles/PlayerFolder/FireBall/Idle/IdleLoop-Sheet1.uasset" 280
"../../../../../../Users/thedm/Documents/GitHub/Games-Project-1/GameProject1/Content/GameFiles/PlayerFolder/FireBall/ShootAnticipation/ShootAntecipation-Sheet.uasset" 281
"../../../../../../Users/thedm/Documents/GitHub/Games-Project-1/GameProject1/Content/GameFiles/PlayerFolder/FireBall/ShootAnticipation/ShootAntecipation-Sheet_Sprite_2.uasset" 282
"../../../../../../Users/thedm/Documents/GitHub/Games-Project-1/GameProject1/Content/GameFiles/PlayerFolder/FireBall/ShootAnticipation/ShootAntecipation-Sheet_Sprite_1.uasset" 283
"../../../../../../Users/thedm/Documents/GitHub/Games-Project-1/GameProject1/Content/GameFiles/PlayerFolder/FireBall/ShootAnticipation/ShootAntecipation-Sheet_Sprite_0.uasset" 284
"../../../../../../Users/thedm/Documents/GitHub/Games-Project-1/GameProject1/Content/GameFiles/PlayerFolder/FireBall/ShootAnticipation/ShootAntecipation-Sheet1.uasset" 285
"../../../../../../Users/thedm/Documents/GitHub/Games-Project-1/GameProject1/Content/GameFiles/Sound/music/269_stem3_land-of-wonders_0156.uasset" 286
"../../../../../../Users/thedm/Documents/GitHub/Games-Project-1/GameProject1/Content/GameFiles/Sound/music/269_stem3_land-of-wonders_0156_Cue.uasset" 287
"../../../../../../Users/thedm/Documents/GitHub/Games-Project-1/GameProject1/Content/GameFiles/Sound/music/322_stem4_lost-in-a-thought_0172.uasset" 288
"../../../../../../Users/thedm/Documents/GitHub/Games-Project-1/GameProject1/Content/GameFiles/Sound/music/322_stem4_lost-in-a-thought_0172_Cue.uasset" 289
"../../../../../../Users/thedm/Documents/GitHub/Games-Project-1/GameProject1/Content/GameFiles/Sound/SoundFX/Pickup_Holy.uasset" 290
"../../../../../../Users/thedm/Documents/GitHub/Games-Project-1/GameProject1/Content/GameFiles/Sound/SoundFX/Pickup_Magic.uasset" 291
"../../../../../../Users/thedm/Documents/GitHub/Games-Project-1/GameProject1/Content/GameFiles/Sound/SoundFX/Pickup_Soft.uasset" 292
"../../../../../../Users/thedm/Documents/GitHub/Games-Project-1/GameProject1/Content/GameFiles/Sound/SoundFX/WEAPON_GUNSHOT_Rifle_Swish_02.uasset" 293
"../../../../../../Users/thedm/Documents/GitHub/Games-Project-1/GameProject1/Content/GameFiles/Sound/Wavs/Dagger_Swing_1.uasset" 294
"../../../../../../Users/thedm/Documents/GitHub/Games-Project-1/GameProject1/Content/GameFiles/Sound/Wavs/Dagger_Swing_10.uasset" 295
"../../../../../../Users/thedm/Documents/GitHub/Games-Project-1/GameProject1/Content/GameFiles/Sound/Wavs/Dagger_Swing_3.uasset" 296
"../../../../../../Users/thedm/Documents/GitHub/Games-Project-1/GameProject1/Content/GameFiles/Sound/Wavs/Dagger_Swing_5.uasset" 297
"../../../../../../Users/thedm/Documents/GitHub/Games-Project-1/GameProject1/Content/GameFiles/Sound/Wavs/Dagger_Swing_6.uasset" 298
"../../../../../../Users/thedm/Documents/GitHub/Games-Project-1/GameProject1/Content/GameFiles/Sound/Wavs/Dagger_Swing_7.uasset" 299
"../../../../../../Users/thedm/Documents/GitHub/Games-Project-1/GameProject1/Content/GameFiles/Sound/Wavs/Dagger_Swing_8.uasset" 300
"../../../../../../Users/thedm/Documents/GitHub/Games-Project-1/GameProject1/Content/GameFiles/Sound/Wavs/Heavy_Sword_Swing_10.uasset" 301
"../../../../../../Users/thedm/Documents/GitHub/Games-Project-1/GameProject1/Content/GameFiles/Sound/Wavs/Heavy_Sword_Swing_11.uasset" 302
"../../../../../../Users/thedm/Documents/GitHub/Games-Project-1/GameProject1/Content/GameFiles/Sound/Wavs/Heavy_Sword_Swing_2.uasset" 303
"../../../../../../Users/thedm/Documents/GitHub/Games-Project-1/GameProject1/Content/GameFiles/Sound/Wavs/Heavy_Sword_Swing_3.uasset" 304
"../../../../../../Users/thedm/Documents/GitHub/Games-Project-1/GameProject1/Content/GameFiles/Sound/Wavs/Heavy_Sword_Swing_6.uasset" 305
"../../../../../../Users/thedm/Documents/GitHub/Games-Project-1/GameProject1/Content/GameFiles/Sound/Wavs/Heavy_Sword_Swing_7.uasset" 306
"../../../../../../Users/thedm/Documents/GitHub/Games-Project-1/GameProject1/Content/GameFiles/Sound/Wavs/Light_Sword_Swing_1.uasset" 307
"../../../../../../Users/thedm/Documents/GitHub/Games-Project-1/GameProject1/Content/GameFiles/Sound/Wavs/Light_Sword_Swing_13.uasset" 308
"../../../../../../Users/thedm/Documents/GitHub/Games-Project-1/GameProject1/Content/GameFiles/Sound/Wavs/Light_Sword_Swing_14.uasset" 309
"../../../../../../Users/thedm/Documents/GitHub/Games-Project-1/GameProject1/Content/GameFiles/Sound/Wavs/Light_Sword_Swing_15.uasset" 310
"../../../../../../Users/thedm/Documents/GitHub/Games-Project-1/GameProject1/Content/GameFiles/Sound/Wavs/Light_Sword_Swing_2.uasset" 311
"../../../../../../Users/thedm/Documents/GitHub/Games-Project-1/GameProject1/Content/GameFiles/Sound/Wavs/Light_Sword_Swing_3.uasset" 312
"../../../../../../Users/thedm/Documents/GitHub/Games-Project-1/GameProject1/Content/GameFiles/Sound/Wavs/Light_Sword_Swing_4.uasset" 313
"../../../../../../Users/thedm/Documents/GitHub/Games-Project-1/GameProject1/Content/GameFiles/Sound/Wavs/Light_Sword_Swing_5.uasset" 314
"../../../../../../Users/thedm/Documents/GitHub/Games-Project-1/GameProject1/Content/GameFiles/Sound/Wavs/Shield_Bash_2.uasset" 315
"../../../../../../Users/thedm/Documents/GitHub/Games-Project-1/GameProject1/Content/GameFiles/Sound/Wavs/Shield_Bash_3.uasset" 316
"../../../../../../Users/thedm/Documents/GitHub/Games-Project-1/GameProject1/Content/GameFiles/Sound/Wavs/Shield_Bash_4.uasset" 317
"../../../../../../Users/thedm/Documents/GitHub/Games-Project-1/GameProject1/Content/GameFiles/Sound/Wavs/Shield_Bash_5.uasset" 318
"../../../../../../Users/thedm/Documents/GitHub/Games-Project-1/GameProject1/Content/GameFiles/Sound/Wavs/Shield_Imapacts_another_shield_2.uasset" 319
"../../../../../../Users/thedm/Documents/GitHub/Games-Project-1/GameProject1/Content/GameFiles/Sound/Wavs/Shield_Imapacts_another_shield_4.uasset" 320
"../../../../../../Users/thedm/Documents/GitHub/Games-Project-1/GameProject1/Content/GameFiles/Sound/Wavs/Shield_Impacts_Sword.uasset" 321
"../../../../../../Users/thedm/Documents/GitHub/Games-Project-1/GameProject1/Content/GameFiles/Sound/Wavs/Shield_Impacts_Sword_1.uasset" 322
"../../../../../../Users/thedm/Documents/GitHub/Games-Project-1/GameProject1/Content/GameFiles/Sound/Wavs/Shield_Impacts_Sword_2.uasset" 323
"../../../../../../Users/thedm/Documents/GitHub/Games-Project-1/GameProject1/Content/GameFiles/Sound/Wavs/Shield_Impacts_Sword_3.uasset" 324
"../../../../../../Users/thedm/Documents/GitHub/Games-Project-1/GameProject1/Content/GameFiles/Sound/Wavs/Shield_Impacts_Sword_5.uasset" 325
"../../../../../../Users/thedm/Documents/GitHub/Games-Project-1/GameProject1/Content/GameFiles/Sound/Wavs/Spear_Swing_1.uasset" 326
"../../../../../../Users/thedm/Documents/GitHub/Games-Project-1/GameProject1/Content/GameFiles/Sound/Wavs/Spear_Swing_2.uasset" 327
"../../../../../../Users/thedm/Documents/GitHub/Games-Project-1/GameProject1/Content/GameFiles/Sound/Wavs/Spear__Thrown__1.uasset" 328
"../../../Engine/Content/EngineMaterials/T_Default_Material_Grid_N.uasset" 329
"../../../Engine/Content/EngineMaterials/T_Default_Material_Grid_M.uasset" 330
"../../../Engine/Content/Functions/Engine_MaterialFunctions01/Opacity/CameraDepthFade.uasset" 331
"../../../Engine/Content/EngineMaterials/WorldGridMaterial.uasset" 332
"../../../Engine/Content/ArtTools/RenderToTexture/Meshes/S_1_Unit_Plane.uasset" 333
"../../../Engine/Content/EngineMaterials/DefaultMaterial.uasset" 334
"../../../Engine/Content/BasicShapes/Cone.uasset" 335
"../../../Engine/Content/BasicShapes/Cube.uasset" 336
"../../../Engine/Content/BasicShapes/Plane.uasset" 337
"../../../Engine/Content/BasicShapes/Sphere.uasset" 338
"../../../Engine/Content/EditorLandscapeResources/DataLayer.uasset" 339
"../../../Engine/Content/EditorLandscapeResources/DefaultAlphaTexture.uasset" 340
"../../../Engine/Content/EditorMaterials/MAT_Groups_Toggle.uasset" 341
"../../../Engine/Content/EditorMaterials/MAT_Groups_Visibility.uasset" 342
"../../../Engine/Content/EditorMaterials/PreviewShadowIndicator.uasset" 343
"../../../Engine/Content/EditorMaterials/PreviewShadowIndicatorMaterial.uasset" 344
"../../../Engine/Content/EditorMaterials/MatineeGroups/MAT_ColorTrack.uasset" 345
"../../../Engine/Content/EditorMaterials/MatineeGroups/MAT_Groups_Anim.uasset" 346
"../../../Engine/Content/EditorMaterials/MatineeGroups/MAT_Groups_AudioMaster.uasset" 347
"../../../Engine/Content/EditorMaterials/MatineeGroups/MAT_Groups_Director.uasset" 348
"../../../Engine/Content/EditorMaterials/MatineeGroups/MAT_Groups_Event.uasset" 349
"../../../Engine/Content/EditorMaterials/MatineeGroups/MAT_Groups_Fade.uasset" 350
"../../../Engine/Content/EditorMaterials/MatineeGroups/MAT_Groups_Float.uasset" 351
"../../../Engine/Content/EditorMaterials/MatineeGroups/MAT_Groups_Move.uasset" 352
"../../../Engine/Content/EditorMaterials/MatineeGroups/MAT_Groups_Slomo.uasset" 353
"../../../Engine/Content/EditorMaterials/MatineeGroups/MAT_Groups_Sound.uasset" 354
"../../../Engine/Content/EditorMaterials/MatineeGroups/MAT_Groups_Vector.uasset" 355
"../../../Engine/Content/EditorMaterials/ParticleSystems/PSysThumbnail_NoImage.uasset" 356
"../../../Engine/Content/EditorMaterials/ParticleSystems/PSysThumbnail_OOD.uasset" 357
"../../../Engine/Content/EditorMaterials/Camera/CineMat.uasset" 358
"../../../Engine/Content/EditorMaterials/Camera/MI_CineMat_Rig.uasset" 359
"../../../Engine/Content/EditorMeshes/Camera/SM_CraneRig_Arm.uasset" 360
"../../../Engine/Content/EditorMeshes/Camera/SM_CraneRig_Base.uasset" 361
"../../../Engine/Content/EditorMeshes/Camera/SM_CraneRig_Body.uasset" 362
"../../../Engine/Content/EditorMeshes/Camera/SM_CraneRig_Mount.uasset" 363
"../../../Engine/Content/EditorMeshes/Camera/SM_RailRig_Mount.uasset" 364
"../../../Engine/Content/EditorMeshes/Camera/SM_RailRig_Track.uasset" 365
"../../../Engine/Content/EditorResources/BSPVertex.uasset" 366
"../../../Engine/Content/EditorResources/EmptyActor.uasset" 367
"../../../Engine/Content/EditorResources/S_Actor.uasset" 368
"../../../Engine/Content/EditorResources/S_Note.uasset" 369
"../../../Engine/Content/EditorResources/S_Solver.uasset" 370
"../../../Engine/Content/EditorResources/S_Terrain.uasset" 371
"../../../Engine/Content/EditorResources/S_Trigger.uasset" 372
"../../../Engine/Content/EditorResources/SequenceRecorder/Countdown.uasset" 373
"../../../Engine/Content/EditorResources/SequenceRecorder/RecordingIndicator.uasset" 374
"../../../Engine/Content/EngineDamageTypes/DmgTypeBP_Environmental.uasset" 375
"../../../Engine/Content/EngineDebugMaterials/DebugEditorMaterial.uasset" 376
"../../../Engine/Content/EngineDebugMaterials/DebugMeshMaterial.uasset" 377
"../../../Engine/Content/EngineDebugMaterials/M_SimpleUnlitTranslucent.uasset" 378
"../../../Engine/Content/EngineDebugMaterials/VolumeToRender.uasset" 379
"../../../Engine/Content/Functions/Engine_MaterialFunctions02/Utility/CameraDirectionVector.uasset" 380
"../../../Engine/Content/EngineDebugMaterials/M_VolumeRenderSphereTracePP.uasset" 381
"../../../Engine/Content/Functions/Engine_MaterialFunctions01/Shading/ConvertFromDiffSpec.uasset" 382
"../../../Engine/Content/EngineDebugMaterials/VertexColorMaterial.uasset" 383
"../../../Engine/Content/EngineDebugMaterials/WireframeMaterial.uasset" 384
"../../../Engine/Content/EngineFonts/Faces/RobotoRegular.uasset" 385
"../../../Engine/Content/EngineFonts/Faces/RobotoLight.uasset" 386
"../../../Engine/Content/EngineFonts/Faces/RobotoItalic.uasset" 387
"../../../Engine/Content/EngineFonts/Faces/RobotoBoldItalic.uasset" 388
"../../../Engine/Content/EngineFonts/Faces/RobotoBold.uasset" 389
"../../../Engine/Content/EngineFonts/Faces/DroidSansFallback.uasset" 390
"../../../Engine/Content/EngineFonts/Roboto.uasset" 391
"../../../Engine/Content/EngineMaterials/BaseFlattenNormalMap.uasset" 392
"../../../Engine/Content/EngineMaterials/BaseFlattenGrayscaleMap.uasset" 393
"../../../Engine/Content/EngineMaterials/BaseFlattenEmissiveMap.uasset" 394
"../../../Engine/Content/EngineMaterials/BaseFlattenDiffuseMap.uasset" 395
"../../../Engine/Content/EngineMaterials/BaseFlattenMaterial.uasset" 396
"../../../Engine/Content/EngineMaterials/BlueNoise.uasset" 397
"../../../Engine/Content/EngineMaterials/DefaultBloomKernel.uasset" 398
"../../../Engine/Content/EngineMaterials/DefaultBokeh.uasset" 399
"../../../Engine/Content/EngineMaterials/DefaultDiffuse.uasset" 400
"../../../Engine/Content/EngineMaterials/DefaultDeferredDecalMaterial.uasset" 401
"../../../Engine/Content/EngineMaterials/DefaultLightFunctionMaterial.uasset" 402
"../../../Engine/Content/EngineMaterials/DefaultPhysicalMaterial.uasset" 403
"../../../Engine/Content/Functions/Engine_MaterialFunctions02/Utility/BreakOutFloat2Components.uasset" 404
"../../../Engine/Content/EngineMaterials/DefaultPostProcessMaterial.uasset" 405
"../../../Engine/Content/EngineFonts/RobotoDistanceField.uasset" 406
"../../../Engine/Content/EngineMaterials/DefaultTextMaterialOpaque.uasset" 407
"../../../Engine/Content/EngineMaterials/DefaultWhiteGrid.uasset" 408
"../../../Engine/Content/EngineMaterials/DefaultWhiteGrid_Low.uasset" 409
"../../../Engine/Content/EngineMaterials/EmissiveMeshMaterial.uasset" 410
"../../../Engine/Content/EngineMaterials/GizmoMaterial.uasset" 411
"../../../Engine/Content/EngineMaterials/Good64x64TilingNoiseHighFreq.uasset" 412
"../../../Engine/Content/EngineMaterials/MiniFont.uasset" 413
"../../../Engine/Content/EngineMaterials/InvalidLightmapSettings.uasset" 414
"../../../Engine/Content/EngineMaterials/M_InvalidLightmapSettings.uasset" 415
"../../../Engine/Content/Functions/Engine_MaterialFunctions02/WorldPositionOffset/CameraOffset.uasset" 416
"../../../Engine/Content/EngineMaterials/PhAT_JointLimitMaterial.uasset" 417
"../../../Engine/Content/EngineMaterials/PreintegratedSkinBRDF.uasset" 418
"../../../Engine/Content/EngineMaterials/RemoveSurfaceMaterial.uasset" 419
"../../../Engine/Content/EngineMaterials/WeightMapPlaceholderTexture.uasset" 420
"../../../Engine/Content/EngineResources/WhiteSquareTexture.uasset" 421
"../../../Engine/Content/EngineMaterials/Widget3DPassThrough.uasset" 422
"../../../Engine/Content/EngineMaterials/Widget3DPassThrough_Masked.uasset" 423
"../../../Engine/Content/EngineMaterials/Widget3DPassThrough_Opaque.uasset" 424
"../../../Engine/Content/EngineMaterials/Widget3DPassThrough_Masked_OneSided.uasset" 425
"../../../Engine/Content/EngineMaterials/Widget3DPassThrough_Opaque_OneSided.uasset" 426
"../../../Engine/Content/EngineMaterials/Widget3DPassThrough_Translucent.uasset" 427
"../../../Engine/Content/EngineMaterials/Widget3DPassThrough_Translucent_OneSided.uasset" 428
"../../../Engine/Content/EngineMeshes/Cube.uasset" 429
"../../../Engine/Content/EngineMeshes/Cylinder.uasset" 430
"../../../Engine/Content/EngineMeshes/Sphere.uasset" 431
"../../../Engine/Content/EngineResources/Black.uasset" 432
"../../../Engine/Content/EngineResources/DefaultTextureCube.uasset" 433
"../../../Engine/Content/EngineResources/DefaultVolumeTexture2D.uasset" 434
"../../../Engine/Content/EngineResources/DefaultVolumeTexture.uasset" 435
"../../../Engine/Content/EngineResources/GradientTexture0.uasset" 436
"../../../Engine/Content/EngineSky/VolumetricClouds/T_NoiseShape64.uasset" 437
"../../../Engine/Content/EngineSky/VolumetricClouds/T_VolumeNoiseShape64.uasset" 438
"../../../Engine/Content/EngineSky/VolumetricClouds/T_NoiseErosion.uasset" 439
"../../../Engine/Content/EngineSky/VolumetricClouds/T_VolumeNoiseErosion32.uasset" 440
"../../../Engine/Content/EngineSky/VolumetricClouds/CloudWeatherTexture.uasset" 441
"../../../Engine/Content/EngineSky/VolumetricClouds/CloudGradientTexture.uasset" 442
"../../../Engine/Content/Functions/Engine_MaterialFunctions02/Utility/MakeFloat2.uasset" 443
"../../../Engine/Content/EngineSky/VolumetricClouds/m_SimpleVolumetricCloud.uasset" 444
"../../../Engine/Content/EngineSky/VolumetricClouds/m_SimpleVolumetricCloud_Inst.uasset" 445
"../../../Engine/Content/EngineSounds/Master.uasset" 446
"../../../Engine/Content/Functions/Engine_MaterialFunctions01/Shading/PowerToRoughness.uasset" 447
"../../../Engine/Content/Maps/Templates/Thumbnails/Default.uasset" 448
"../../../Engine/Content/Maps/Templates/Thumbnails/TimeOfDay.uasset" 449
"../../../Engine/Content/Maps/Templates/Thumbnails/VR-Basic.uasset" 450
"../../../Engine/Content/MobileResources/T_MobileControls_texture.uasset" 451
"../../../Engine/Content/MobileResources/T_MobileMenu2.uasset" 452
"../../../Engine/Content/MobileResources/HUD/AnalogHat.uasset" 453
"../../../Engine/Content/MobileResources/HUD/VirtualJoystick_Thumb.uasset" 454
"../../../Engine/Content/MobileResources/HUD/VirtualJoystick_Background.uasset" 455
"../../../Engine/Content/MobileResources/HUD/DefaultVirtualJoysticks.uasset" 456
"../../../Engine/Content/MobileResources/HUD/LeftVirtualJoystickOnly.uasset" 457
"../../../Engine/Content/MobileResources/HUD/MobileHUDButton1_off.uasset" 458
"../../../Engine/Content/MobileResources/HUD/MobileHUDButton1_on.uasset" 459
"../../../Engine/Content/MobileResources/HUD/MobileHUDButton2_off.uasset" 460
"../../../Engine/Content/MobileResources/HUD/MobileHUDButton2_on.uasset" 461
"../../../Engine/Content/MobileResources/HUD/MobileHUDButton3.uasset" 462
"../../../Engine/Content/MobileResources/HUD/MobileHUDButtonFire.uasset" 463
"../../../Engine/Content/MobileResources/HUD/MobileHUDDirectionPad.uasset" 464
"../../../Engine/Content/MobileResources/HUD/MobileHUDDirectionPad2.uasset" 465
"../../../Engine/Content/MobileResources/HUD/MobileHUDDirectionPad3.uasset" 466
"../../../Engine/Content/MobileResources/HUD/MobileHUDDirectionStick.uasset" 467
"../../../Engine/Content/MobileResources/HUD/T_Castle_ThumbstickInner.uasset" 468
"../../../Engine/Content/MobileResources/HUD/T_Castle_ThumbstickOutter.uasset" 469
"../../../Engine/Content/Tutorial/ContentIntroCurve.uasset" 470
"../../../Engine/Content/Tutorial/Basics/LevelEditorAttract.uasset" 471
"../../../Engine/Content/Tutorial/Basics/TutorialAssets/icon_tab_Levels_40x.uasset" 472
"../../../Engine/Content/Tutorial/Basics/LevelEditorOverview.uasset" 473
"../../../Engine/Content/Tutorial/SubEditors/MaterialEditorTutorial.uasset" 474
"../../../Engine/Content/Tutorial/SubEditors/StaticMeshEditorTutorial.uasset" 475
"../../../Engine/Content/Tutorial/SubEditors/TutorialAssets/TutorialMaterial.uasset" 476
"../../../Engine/Content/VREditor/TransformGizmo/TranslucentTransformGizmoMaterial.uasset" 477
"../../../Engine/Content/VREditor/LaserPointer/VR_LaserPower_01.uasset" 478
"../../../Engine/Content/VREditor/TransformGizmo/TransformGizmoMaterial.uasset" 479
"../../../Engine/Content/VREditor/TransformGizmo/BoundingBoxCorner.uasset" 480
"../../../Engine/Content/VREditor/TransformGizmo/BoundingBoxEdge.uasset" 481
"../../../Engine/Content/VREditor/TransformGizmo/PlaneTranslationHandle.uasset" 482
"../../../Engine/Content/VREditor/TransformGizmo/Xray.uasset" 483
"../../../Engine/Content/VREditor/TransformGizmo/Main.uasset" 484
"../../../Engine/Content/VREditor/TransformGizmo/SM_Sequencer_Key.uasset" 485
"../../../Engine/Content/VREditor/TransformGizmo/SM_Sequencer_Node.uasset" 486
"../../Plugins/2D/Paper2D/Content/DummySprite.uasset" 487
"../../Plugins/2D/Paper2D/Content/DefaultPaperTerrainMaterial.uasset" 488
"../../Plugins/2D/Paper2D/Content/MaskedUnlitSpriteMaterial.uasset" 489
"../../Plugins/2D/Paper2D/Content/OpaqueUnlitSpriteMaterial.uasset" 490
"../../../Engine/Content/Functions/Engine_MaterialFunctions02/ObjectLocalBounds.uasset" 491
"../../../Engine/Content/Functions/Engine_MaterialFunctions02/Utility/BreakOutFloat3Components.uasset" 492
"../../Plugins/Editor/SpeedTreeImporter/Content/SpeedTree9/UnpackInteger3.uasset" 493
"../../Plugins/Editor/SpeedTreeImporter/Content/SpeedTree9/UnpackDirection.uasset" 494
"../../Plugins/Editor/SpeedTreeImporter/Content/SpeedTree9/game_wind_noise.uasset" 495
"../../../Engine/Content/Functions/Engine_MaterialFunctions02/SafeNormalize.uasset" 496
"../../Plugins/Editor/SpeedTreeImporter/Content/SpeedTree9/SpeedTreeWindMotion.uasset" 497
"../../Plugins/Editor/SpeedTreeImporter/Content/SpeedTree9/SpeedTreeBranchMotion.uasset" 498
"../../../Engine/Content/Functions/Engine_MaterialFunctions02/UVs/BoundingBoxBased_0-1_UVW.uasset" 499
"../../Plugins/Editor/SpeedTreeImporter/Content/SpeedTree9/SpeedTreeWind.uasset" 500
"../../Plugins/Editor/SpeedTreeImporter/Content/SpeedTree9/SpeedTreeBillboard.uasset" 501
"../../../Engine/Content/EngineResources/DefaultTexture.uasset" 502
"../../Plugins/Editor/SpeedTreeImporter/Content/SpeedTree9/SpeedTreeBillboardMaster.uasset" 503
"../../Plugins/Editor/SpeedTreeImporter/Content/SpeedTree9/SpeedTreeCameraFacing.uasset" 504
"../../Plugins/Editor/SpeedTreeImporter/Content/SpeedTree9/SpeedTreeMaster.uasset" 505
"../../../Engine/Content/ArtTools/RenderToTexture/Materials/Debug/M_Emissive_Color.uasset" 506
"../../../Engine/Content/BasicShapes/Cylinder.uasset" 507
"../../Plugins/Lumin/MagicLeapPassableWorld/Content/MagicLeapARPinInfoActor.uasset" 508
"../../../Engine/Content/Functions/Engine_MaterialFunctions02/Utility/BreakOutFloat4Components.uasset" 509
"../../../Engine/Content/Functions/Engine_MaterialFunctions02/Utility/MakeFloat3.uasset" 510
"../../Plugins/Runtime/Oculus/OculusVR/Content/Materials/OculusMR_ChromaKey.uasset" 511
"../../Plugins/Runtime/Oculus/OculusVR/Content/Materials/OculusMR_OpaqueColoredMaterial.uasset" 512
"../../Plugins/Runtime/Oculus/OculusVR/Content/Materials/PokeAHoleMaterial.uasset" 513
"../../../../../../Users/thedm/Documents/GitHub/Games-Project-1/GameProject1/Content/GameFiles/Sound/music/322_stem1_overcoming-barriers_0147.uasset" 514
"../../../../../../Users/thedm/Documents/GitHub/Games-Project-1/GameProject1/Content/GameFiles/Sound/music/322_stem1_overcoming-barriers_0147_Cue.uasset" 515
"../../../../../../Users/thedm/Documents/GitHub/Games-Project-1/GameProject1/Content/GameFiles/PlayerFolder/PlayerSpawn2.uasset" 516
"../../../../../../Users/thedm/Documents/GitHub/Games-Project-1/GameProject1/Content/GameFiles/Sound/SoundFX/Interface_Soft_Button.uasset" 517
"../../../../../../Users/thedm/Documents/GitHub/Games-Project-1/GameProject1/Content/GameFiles/Sound/SoundFX/Interface_Soft_Button_Cue.uasset" 518
"../../../../../../Users/thedm/Documents/GitHub/Games-Project-1/GameProject1/Content/GameFiles/Levels-Maps-Materials/lock_and_key.uasset" 519
"../../../../../../Users/thedm/Documents/GitHub/Games-Project-1/GameProject1/Content/GameFiles/Levels-Maps-Materials/lock.uasset" 520
"../../../../../../Users/thedm/Documents/GitHub/Games-Project-1/GameProject1/Content/GameFiles/Levels-Maps-Materials/lock_keysystem/demoExit.uasset" 521
"../../../../../../Users/thedm/Documents/GitHub/Games-Project-1/GameProject1/Content/GameFiles/Sound/SoundFX/Pickup_High.uasset" 522
"../../../../../../Users/thedm/Documents/GitHub/Games-Project-1/GameProject1/Content/GameFiles/Sound/SoundFX/Pickup_High_Cue.uasset" 523
"../../../../../../Users/thedm/Documents/GitHub/Games-Project-1/GameProject1/Content/GameFiles/Levels-Maps-Materials/lock_keysystem/key/key-white.uasset" 524
"../../../../../../Users/thedm/Documents/GitHub/Games-Project-1/GameProject1/Content/GameFiles/Levels-Maps-Materials/lock_keysystem/key/key-white_Sprite_9.uasset" 525
"../../../../../../Users/thedm/Documents/GitHub/Games-Project-1/GameProject1/Content/GameFiles/Levels-Maps-Materials/lock_keysystem/key/key-white_Sprite_8.uasset" 526
"../../../../../../Users/thedm/Documents/GitHub/Games-Project-1/GameProject1/Content/GameFiles/Levels-Maps-Materials/lock_keysystem/key/key-white_Sprite_7.uasset" 527
"../../../../../../Users/thedm/Documents/GitHub/Games-Project-1/GameProject1/Content/GameFiles/Levels-Maps-Materials/lock_keysystem/key/key-white_Sprite_6.uasset" 528
"../../../../../../Users/thedm/Documents/GitHub/Games-Project-1/GameProject1/Content/GameFiles/Levels-Maps-Materials/lock_keysystem/key/key-white_Sprite_5.uasset" 529
"../../../../../../Users/thedm/Documents/GitHub/Games-Project-1/GameProject1/Content/GameFiles/Levels-Maps-Materials/lock_keysystem/key/key-white_Sprite_4.uasset" 530
"../../../../../../Users/thedm/Documents/GitHub/Games-Project-1/GameProject1/Content/GameFiles/Levels-Maps-Materials/lock_keysystem/key/key-white_Sprite_3.uasset" 531
"../../../../../../Users/thedm/Documents/GitHub/Games-Project-1/GameProject1/Content/GameFiles/Levels-Maps-Materials/lock_keysystem/key/key-white_Sprite_2.uasset" 532
"../../../../../../Users/thedm/Documents/GitHub/Games-Project-1/GameProject1/Content/GameFiles/Levels-Maps-Materials/lock_keysystem/key/key-white_Sprite_11.uasset" 533
"../../../../../../Users/thedm/Documents/GitHub/Games-Project-1/GameProject1/Content/GameFiles/Levels-Maps-Materials/lock_keysystem/key/key-white_Sprite_10.uasset" 534
"../../../../../../Users/thedm/Documents/GitHub/Games-Project-1/GameProject1/Content/GameFiles/Levels-Maps-Materials/lock_keysystem/key/key-white_Sprite_1.uasset" 535
"../../../../../../Users/thedm/Documents/GitHub/Games-Project-1/GameProject1/Content/GameFiles/Levels-Maps-Materials/lock_keysystem/key/key-white_Sprite_0.uasset" 536
"../../../../../../Users/thedm/Documents/GitHub/Games-Project-1/GameProject1/Content/GameFiles/Levels-Maps-Materials/lock_keysystem/key/itemKey.uasset" 537
"../../../../../../Users/thedm/Documents/GitHub/Games-Project-1/GameProject1/Content/GameFiles/Levels-Maps-Materials/lock_keysystem/key/KeyB.uasset" 538
"../../../../../../Users/thedm/Documents/GitHub/Games-Project-1/GameProject1/Content/GameFiles/Sound/SoundFX/drop1.uasset" 539
"../../../../../../Users/thedm/Documents/GitHub/Games-Project-1/GameProject1/Content/GameFiles/Items/Strength_potion/potions_flat_Sprite_3.uasset" 540
"../../../../../../Users/thedm/Documents/GitHub/Games-Project-1/GameProject1/Content/GameFiles/Items/Strength_potion/potions_flat.uasset" 541
"../../../../../../Users/thedm/Documents/GitHub/Games-Project-1/GameProject1/Content/GameFiles/Sound/SoundFX/pop.uasset" 542
"../../../../../../Users/thedm/Documents/GitHub/Games-Project-1/GameProject1/Content/GameFiles/Items/Strength_potion/Strength_item.uasset" 543
"../../../../../../Users/thedm/Documents/GitHub/Games-Project-1/GameProject1/Content/GameFiles/Sound/SoundFX/drop2.uasset" 544
"../../../../../../Users/thedm/Documents/GitHub/Games-Project-1/GameProject1/Content/GameFiles/Items/Mana_potion/potions_flat_Sprite_7.uasset" 545
"../../../../../../Users/thedm/Documents/GitHub/Games-Project-1/GameProject1/Content/GameFiles/Items/Mana_potion/potions_flat.uasset" 546
"../../../../../../Users/thedm/Documents/GitHub/Games-Project-1/GameProject1/Content/GameFiles/Items/Mana_potion/Mana_item.uasset" 547
"../../../../../../Users/thedm/Documents/GitHub/Games-Project-1/GameProject1/Content/GameFiles/Sound/SoundFX/drop3.uasset" 548
"../../../../../../Users/thedm/Documents/GitHub/Games-Project-1/GameProject1/Content/GameFiles/Items/Health_potion/potions_flat_Sprite_4.uasset" 549
"../../../../../../Users/thedm/Documents/GitHub/Games-Project-1/GameProject1/Content/GameFiles/Items/Health_potion/potions_flat1.uasset" 550
"../../../../../../Users/thedm/Documents/GitHub/Games-Project-1/GameProject1/Content/GameFiles/Items/Health_potion/health_item.uasset" 551
"../../../../../../Users/thedm/Documents/GitHub/Games-Project-1/GameProject1/Content/GameFiles/Levels-Maps-Materials/Levels/DemoLevel.umap" 552
"../../../../../../Users/thedm/Documents/GitHub/Games-Project-1/GameProject1/Content/GameFiles/Levels-Maps-Materials/Levels/EndMenu.umap" 553
"../../../../../../Users/thedm/Documents/GitHub/Games-Project-1/GameProject1/Content/GameFiles/Levels-Maps-Materials/lock_keysystem/levelexit.uasset" 554
"../../../../../../Users/thedm/Documents/GitHub/Games-Project-1/GameProject1/Content/GameFiles/Levels-Maps-Materials/Levels/level4.umap" 555
"../../../../../../Users/thedm/Documents/GitHub/Games-Project-1/GameProject1/Content/GameFiles/Sound/music/359_stem4_the-open-road_0160.uasset" 556
"../../../../../../Users/thedm/Documents/GitHub/Games-Project-1/GameProject1/Content/GameFiles/Sound/music/359_stem4_the-open-road_0160_Cue.uasset" 557
"../../../../../../Users/thedm/Documents/GitHub/Games-Project-1/GameProject1/Content/GameFiles/HUD/Background.uasset" 558
"../../../../../../Users/thedm/Documents/GitHub/Games-Project-1/GameProject1/Content/GameFiles/HUD/Start.uasset" 559
"../../../../../../Users/thedm/Documents/GitHub/Games-Project-1/GameProject1/Content/GameFiles/Levels-Maps-Materials/Levels/StartMenu.umap" 560
"../../../../../../Users/thedm/Documents/GitHub/Games-Project-1/GameProject1/Content/GameFiles/Sound/music/239_stem5_mnmal-focused_0178.uasset" 561
"../../../../../../Users/thedm/Documents/GitHub/Games-Project-1/GameProject1/Content/GameFiles/Sound/music/239_stem5_mnmal-focused_0178_Cue.uasset" 562
"../../../../../../Users/thedm/Documents/GitHub/Games-Project-1/GameProject1/Content/GameFiles/Levels-Maps-Materials/Levels/level1.umap" 563
"../../../../../../Users/thedm/Documents/GitHub/Games-Project-1/GameProject1/Content/GameFiles/Levels-Maps-Materials/Levels/level2.umap" 564
"../../../../../../Users/thedm/Documents/GitHub/Games-Project-1/GameProject1/Content/GameFiles/Sound/music/322_stem5_raising-expectations_0152.uasset" 565
"../../../../../../Users/thedm/Documents/GitHub/Games-Project-1/GameProject1/Content/GameFiles/Sound/music/322_stem5_raising-expectations_0152_Cue.uasset" 566
"../../../../../../Users/thedm/Documents/GitHub/Games-Project-1/GameProject1/Content/GameFiles/Levels-Maps-Materials/Levels/level3.umap" 567
"../../../../../../Users/thedm/Documents/GitHub/Games-Project-1/GameProject1/Content/GameFiles/Levels-Maps-Materials/Levels/level5.umap" 568
"../../../Engine/Content/Maps/Entry_BuiltData.uasset" 569
"../../../Engine/Content/Maps/Entry.umap" 570
